<?xml version="1.0" encoding="UTF-8"?>
<testng-results ignored="0" total="1" passed="1" failed="0" skipped="0">
  <reporter-output>
  </reporter-output>
  <suite started-at="2024-06-11T17:58:22 IST" name="Default suite" finished-at="2024-06-11T17:58:22 IST" duration-ms="59">
    <groups>
    </groups>
    <test started-at="2024-06-11T17:58:22 IST" name="Default test" finished-at="2024-06-11T17:58:22 IST" duration-ms="59">
      <class name="com.pac1.CreateContactTest">
        <test-method signature="createContact()[pri:0, instance:com.pac1.CreateContactTest@4a003cbe]" started-at="2024-06-11T17:58:22 IST" name="createContact" finished-at="2024-06-11T17:58:22 IST" duration-ms="7" status="PASS">
          <reporter-output>
          </reporter-output>
        </test-method> <!-- createContact -->
      </class> <!-- com.pac1.CreateContactTest -->
    </test> <!-- Default test -->
  </suite> <!-- Default suite -->
</testng-results>
