<?xml version="1.0" encoding="UTF-8"?>
<!-- Generated by org.testng.reporters.JUnitXMLReporter -->
<testsuite ignored="2" hostname="LAPTOP-46GGCEMD" failures="0" tests="4" name="Test" time="0.064" errors="0" timestamp="2024-06-03T19:51:24 IST">
  <testcase classname="com.pac1.CreateorgTest" name="createOrgwithIndustry" time="0.005"/>
  <testcase classname="com.pac1.CreateorgTest" name="createorgTest" time="0.0"/>
  <testcase classname="com.pac1.CreateContactTest" name="createContact" time="0.002"/>
  <testcase classname="com.pac1.CreateContactTest" name="createContactSWithDate" time="0.002"/>
  <testcase classname="com.crm.generic.baseutility.BaseClass" name="@AfterSuite closedbconnect" time="0.0">
    <ignored/>
  </testcase> <!-- @AfterSuite closedbconnect -->
  <testcase classname="com.crm.generic.baseutility.BaseClass" name="@BeforeSuite connectdb" time="0.0">
    <ignored/>
  </testcase> <!-- @BeforeSuite connectdb -->
</testsuite> <!-- Test -->
