<?xml version="1.0" encoding="UTF-8"?>
<!-- Generated by org.testng.reporters.JUnitXMLReporter -->
<testsuite ignored="2" hostname="LAPTOP-46GGCEMD" failures="0" tests="3" name="Test2" time="77.767" errors="0" timestamp="2024-06-04T16:01:53 IST">
  <testcase classname="com.pac1.CreateContactTest" name="createContact" time="0.0">
    <skipped/>
  </testcase> <!-- createContact -->
  <testcase classname="com.pac1.CreateorgTest" name="createOrgwithIndustry" time="0.0">
    <skipped/>
  </testcase> <!-- createOrgwithIndustry -->
  <testcase classname="com.pac1.CreateorgTest" name="createorgTest" time="0.0">
    <skipped/>
  </testcase> <!-- createorgTest -->
  <testcase classname="com.crm.generic.baseutility.BaseClass" name="@AfterSuite closedbconnect" time="0.0">
    <ignored/>
  </testcase> <!-- @AfterSuite closedbconnect -->
  <testcase classname="com.crm.generic.baseutility.BaseClass" name="@BeforeSuite configBS" time="0.0">
    <ignored/>
  </testcase> <!-- @BeforeSuite configBS -->
</testsuite> <!-- Test2 -->
